Library/Bee/Android/Prj/IL2CPP/Gradle/unityLibrary/build/intermediates/manifest_merge_blame_file/release/manifest-merger-blame-release-report.txt
1<?xml version="1.0" encoding="utf-8"?>
2<manifest xmlns:android="http://schemas.android.com/apk/res/android"
3    xmlns:tools="http://schemas.android.com/tools"
4    package="com.unity3d.player"
5    android:versionCode="1"
6    android:versionName="0.1" >
7
8    <uses-sdk
9        android:minSdkVersion="22"
9-->src/main/AndroidManifest.xml
10        android:targetSdkVersion="30" />
10-->src/main/AndroidManifest.xml
11
12    <uses-feature android:glEsVersion="0x00030000" />
12-->src/main/AndroidManifest.xml:16:3-52
12-->src/main/AndroidManifest.xml:16:17-49
13    <uses-feature
13-->src/main/AndroidManifest.xml:17:3-91
14        android:name="android.hardware.vulkan.version"
14-->src/main/AndroidManifest.xml:17:17-63
15        android:required="false" />
15-->src/main/AndroidManifest.xml:17:64-88
16
17    <uses-permission android:name="android.permission.INTERNET" />
17-->src/main/AndroidManifest.xml:18:3-65
17-->src/main/AndroidManifest.xml:18:20-62
18    <uses-permission android:name="android.permission.VIBRATE" />
18-->src/main/AndroidManifest.xml:19:3-64
18-->src/main/AndroidManifest.xml:19:20-61
19    <uses-permission android:name="android.permission.RECORD_AUDIO" />
19-->src/main/AndroidManifest.xml:20:3-69
19-->src/main/AndroidManifest.xml:20:20-66
20    <uses-permission android:name="android.permission.MODIFY_AUDIO_SETTINGS" />
20-->src/main/AndroidManifest.xml:21:3-78
20-->src/main/AndroidManifest.xml:21:20-75
21    <uses-permission android:name="android.permission.BLUETOOTH" />
21-->src/main/AndroidManifest.xml:22:3-66
21-->src/main/AndroidManifest.xml:22:20-63
22
23    <uses-feature
23-->src/main/AndroidManifest.xml:23:3-87
24        android:name="android.hardware.microphone"
24-->src/main/AndroidManifest.xml:23:17-59
25        android:required="false" />
25-->src/main/AndroidManifest.xml:23:60-84
26    <uses-feature
26-->src/main/AndroidManifest.xml:24:3-97
27        android:name="android.hardware.sensor.accelerometer"
27-->src/main/AndroidManifest.xml:24:17-69
28        android:required="false" />
28-->src/main/AndroidManifest.xml:24:70-94
29    <uses-feature
29-->src/main/AndroidManifest.xml:25:3-88
30        android:name="android.hardware.touchscreen"
30-->src/main/AndroidManifest.xml:25:17-60
31        android:required="false" />
31-->src/main/AndroidManifest.xml:25:61-85
32    <uses-feature
32-->src/main/AndroidManifest.xml:26:3-99
33        android:name="android.hardware.touchscreen.multitouch"
33-->src/main/AndroidManifest.xml:26:17-71
34        android:required="false" />
34-->src/main/AndroidManifest.xml:26:72-96
35    <uses-feature
35-->src/main/AndroidManifest.xml:27:3-108
36        android:name="android.hardware.touchscreen.multitouch.distinct"
36-->src/main/AndroidManifest.xml:27:17-80
37        android:required="false" />
37-->src/main/AndroidManifest.xml:27:81-105
38
39    <application android:extractNativeLibs="true" >
39-->src/main/AndroidManifest.xml:3:3-15:17
39-->src/main/AndroidManifest.xml:3:16-48
40        <activity
40-->src/main/AndroidManifest.xml:4:5-10:16
41            android:name="com.unity3d.player.UnityPlayerActivity"
41-->src/main/AndroidManifest.xml:4:15-68
42            android:configChanges="mcc|mnc|locale|touchscreen|keyboard|keyboardHidden|navigation|orientation|screenLayout|uiMode|screenSize|smallestScreenSize|fontScale|layoutDirection|density"
42-->src/main/AndroidManifest.xml:4:182-363
43            android:hardwareAccelerated="false"
43-->src/main/AndroidManifest.xml:4:399-434
44            android:launchMode="singleTask"
44-->src/main/AndroidManifest.xml:4:150-181
45            android:resizeableActivity="false"
45-->src/main/AndroidManifest.xml:4:364-398
46            android:screenOrientation="fullSensor"
46-->src/main/AndroidManifest.xml:4:111-149
47            android:theme="@style/UnityThemeSelector" >
47-->src/main/AndroidManifest.xml:4:69-110
48            <intent-filter>
48-->src/main/AndroidManifest.xml:5:7-8:23
49                <action android:name="android.intent.action.MAIN" />
49-->src/main/AndroidManifest.xml:6:9-61
49-->src/main/AndroidManifest.xml:6:17-58
50
51                <category android:name="android.intent.category.LAUNCHER" />
51-->src/main/AndroidManifest.xml:7:9-69
51-->src/main/AndroidManifest.xml:7:19-66
52            </intent-filter>
53
54            <meta-data
54-->src/main/AndroidManifest.xml:9:7-82
55                android:name="unityplayer.UnityActivity"
55-->src/main/AndroidManifest.xml:9:18-58
56                android:value="true" />
56-->src/main/AndroidManifest.xml:9:59-79
57        </activity>
58
59        <meta-data
59-->src/main/AndroidManifest.xml:11:5-69
60            android:name="unity.splash-mode"
60-->src/main/AndroidManifest.xml:11:16-48
61            android:value="0" />
61-->src/main/AndroidManifest.xml:11:49-66
62        <meta-data
62-->src/main/AndroidManifest.xml:12:5-74
63            android:name="unity.splash-enable"
63-->src/main/AndroidManifest.xml:12:16-50
64            android:value="True" />
64-->src/main/AndroidManifest.xml:12:51-71
65        <meta-data
65-->src/main/AndroidManifest.xml:13:5-78
66            android:name="unity.launch-fullscreen"
66-->src/main/AndroidManifest.xml:13:16-54
67            android:value="True" />
67-->src/main/AndroidManifest.xml:13:55-75
68        <meta-data
68-->src/main/AndroidManifest.xml:14:5-84
69            android:name="unity.allow-resizable-window"
69-->src/main/AndroidManifest.xml:14:16-59
70            android:value="False" />
70-->src/main/AndroidManifest.xml:14:60-81
71    </application>
72
73</manifest>